[ 2016-10-11T20:29:34+08:00 ] 127.0.0.1 /phpCMS/index.php?m=login
INFO: [ app_init ] --START--
INFO: Run Behavior\BuildLiteBehavior [ RunTime:0.000010s ]
INFO: [ app_init ] --END-- [ RunTime:0.000572s ]
ERR: 无法加载模块:Login

[ 2016-10-11T20:29:46+08:00 ] 127.0.0.1 /phpCMS/index.php?m=index
INFO: [ app_init ] --START--
INFO: Run Behavior\BuildLiteBehavior [ RunTime:0.000009s ]
INFO: [ app_init ] --END-- [ RunTime:0.002886s ]
ERR: 无法加载模块:Index

[ 2016-10-11T21:12:22+08:00 ] 127.0.0.1 /phpCMS/index.php?m=index
INFO: [ app_init ] --START--
INFO: Run Behavior\BuildLiteBehavior [ RunTime:0.000012s ]
INFO: [ app_init ] --END-- [ RunTime:0.001530s ]
ERR: 无法加载模块:Index

[ 2016-10-11T21:12:33+08:00 ] 127.0.0.1 /phpCMS/index.php?m=index&a=index
INFO: [ app_init ] --START--
INFO: Run Behavior\BuildLiteBehavior [ RunTime:0.000015s ]
INFO: [ app_init ] --END-- [ RunTime:0.001030s ]
ERR: 无法加载模块:Index

[ 2016-10-11T21:33:42+08:00 ] 127.0.0.1 /phpCMS/index.php?m=index&a=index
INFO: [ app_init ] --START--
INFO: Run Behavior\BuildLiteBehavior [ RunTime:0.000012s ]
INFO: [ app_init ] --END-- [ RunTime:0.001654s ]
ERR: 无法加载模块:Index

